
/home/runner/work/exp-ode-system-of-ode-runge-kutta-method-4th-order-iitb/exp-ode-system-of-ode-runge-kutta-method-4th-order-iitb/experiment/simulation/common_libraries/js/ts_components/collapse_step.js
   1:10  warning  'show_step' is defined but never used                 no-unused-vars
   2:5   warning  '$' is not defined                                    no-undef
   3:9   warning  '$' is not defined                                    no-undef
   6:10  warning  'hide_step' is defined but never used                 no-unused-vars
   7:5   warning  '$' is not defined                                    no-undef
   8:9   warning  '$' is not defined                                    no-undef
  11:10  warning  'get_collapse_btn_text' is defined but never used     no-unused-vars
  20:10  warning  'get_collapse_btn_element' is defined but never used  no-unused-vars
  29:10  warning  'hide_all_steps' is defined but never used            no-unused-vars
  31:9   warning  '$' is not defined                                    no-undef

/home/runner/work/exp-ode-system-of-ode-runge-kutta-method-4th-order-iitb/exp-ode-system-of-ode-runge-kutta-method-4th-order-iitb/experiment/simulation/common_libraries/js/ts_components/matrix.js
   27:26  warning  'MathJax' is not defined                                no-undef
   32:7   warning  'Matrix_Without_String' is defined but never used       no-unused-vars
   52:26  warning  'MathJax' is not defined                                no-undef
   56:10  warning  'get_matrix_html' is defined but never used             no-unused-vars
   87:13  warning  'row_html' is assigned a value but never used           no-unused-vars
   99:10  warning  'get_matrix_html_with_title' is defined but never used  no-unused-vars
  131:13  warning  'row_html' is assigned a value but never used           no-unused-vars
  143:10  warning  'convert_2d_to_1d_vector' is defined but never used     no-unused-vars
  156:10  warning  'convert_1d_to_2d_matrix' is defined but never used     no-unused-vars

/home/runner/work/exp-ode-system-of-ode-runge-kutta-method-4th-order-iitb/exp-ode-system-of-ode-runge-kutta-method-4th-order-iitb/experiment/simulation/common_libraries/js/ts_components/pannel.js
  8:7  warning  'Pannel' is defined but never used  no-unused-vars

/home/runner/work/exp-ode-system-of-ode-runge-kutta-method-4th-order-iitb/exp-ode-system-of-ode-runge-kutta-method-4th-order-iitb/experiment/simulation/common_libraries/js/ts_components/questions.js
   6:17  warning  'op1' is assigned a value but never used      no-unused-vars
   7:17  warning  'op2' is assigned a value but never used      no-unused-vars
   8:17  warning  'op3' is assigned a value but never used      no-unused-vars
   9:17  warning  'op4' is assigned a value but never used      no-unused-vars
  94:7   warning  'Question_Options' is defined but never used  no-unused-vars

/home/runner/work/exp-ode-system-of-ode-runge-kutta-method-4th-order-iitb/exp-ode-system-of-ode-runge-kutta-method-4th-order-iitb/experiment/simulation/common_libraries/js/ts_components/tables.js
   19:22  warning  'verify_values' is not defined                                     no-undef
  137:22  warning  'verify_values' is not defined                                     no-undef
  260:7   warning  'Verify_Rows_Cols_6_decimal_places' is defined but never used      no-unused-vars
  311:22  warning  'verify_values' is not defined                                     no-undef
  416:7   warning  'Verify_Rows_Cols_Custom_Fixed_Update1' is defined but never used  no-unused-vars
  468:7   warning  'Show_Table_Custom_Fixed' is defined but never used                no-unused-vars
  506:7   warning  'Verify_Rows_Cols_Strings' is defined but never used               no-unused-vars
  527:22  warning  'verify_values' is not defined                                     no-undef
  663:7   warning  'Display_Table' is defined but never used                          no-unused-vars

/home/runner/work/exp-ode-system-of-ode-runge-kutta-method-4th-order-iitb/exp-ode-system-of-ode-runge-kutta-method-4th-order-iitb/experiment/simulation/common_libraries/js/ts_math_library/general_math_functions.js
    1:10  warning  'verify_values' is defined but never used                   no-unused-vars
   17:10  warning  'random1' is defined but never used                         no-unused-vars
   21:10  warning  'std_deviation' is defined but never used                   no-unused-vars
   26:10  warning  'gauss' is defined but never used                           no-unused-vars
   56:10  warning  'hide_panel' is defined but never used                      no-unused-vars
   63:10  warning  'inverse_matrix' is defined but never used                  no-unused-vars
   96:10  warning  'matrix_multiplication' is defined but never used           no-unused-vars
  113:10  warning  'transpose_matrix' is defined but never used                no-unused-vars
  123:10  warning  'matrix_multiplication_8decimal' is defined but never used  no-unused-vars
  140:10  warning  'adjoint_2x2_matrix' is defined but never used              no-unused-vars
  145:10  warning  'find_deteminant' is defined but never used                 no-unused-vars
  174:10  warning  'get_Submatrix' is defined but never used                   no-unused-vars

/home/runner/work/exp-ode-system-of-ode-runge-kutta-method-4th-order-iitb/exp-ode-system-of-ode-runge-kutta-method-4th-order-iitb/experiment/simulation/common_libraries/js/ts_math_library/regression.js
   1:10  warning  'regression_linear' is defined but never used            no-unused-vars
  18:10  warning  'regression_linear_1variable' is defined but never used  no-unused-vars
  27:10  warning  'regression_linear_2variable' is defined but never used  no-unused-vars
  52:11  warning  'gauss' is not defined                                   no-undef

/home/runner/work/exp-ode-system-of-ode-runge-kutta-method-4th-order-iitb/exp-ode-system-of-ode-runge-kutta-method-4th-order-iitb/experiment/simulation/common_libraries/math.ob.js
  1:745  warning  'b' is already defined  no-redeclare

/home/runner/work/exp-ode-system-of-ode-runge-kutta-method-4th-order-iitb/exp-ode-system-of-ode-runge-kutta-method-4th-order-iitb/experiment/simulation/js/activity1.js
   14:9   warning  'MathJax' is not defined                         no-undef
   17:10  warning  'start_act1' is defined but never used           no-unused-vars
   22:20  warning  'get_collapse_btn_text' is not defined           no-undef
   73:28  warning  Unnecessary escape character: \×                 no-useless-escape
   76:28  warning  Unnecessary escape character: \×                 no-useless-escape
   81:28  warning  Unnecessary escape character: \×                 no-useless-escape
   84:28  warning  Unnecessary escape character: \×                 no-useless-escape
   89:28  warning  Unnecessary escape character: \×                 no-useless-escape
   92:28  warning  Unnecessary escape character: \×                 no-useless-escape
   97:28  warning  Unnecessary escape character: \×                 no-useless-escape
  100:28  warning  Unnecessary escape character: \×                 no-useless-escape
  145:5   warning  'hide_all_steps' is not defined                  no-undef
  147:9   warning  'MathJax' is not defined                         no-undef
  150:9   warning  'show_step' is not defined                       no-undef
  153:10  warning  'calculate_hxy' is defined but never used        no-unused-vars
  162:5   warning  'n_val' is not defined                           no-undef
  163:25  warning  'n_val' is not defined                           no-undef
  165:26  warning  'n_val' is not defined                           no-undef
  167:5   warning  'h' is not defined                               no-undef
  167:10  warning  'xn' is not defined                              no-undef
  167:15  warning  'x1' is not defined                              no-undef
  167:21  warning  'n_val' is not defined                           no-undef
  168:5   warning  'h_val' is not defined                           no-undef
  168:24  warning  'h' is not defined                               no-undef
  169:24  warning  'h_val' is not defined                           no-undef
  171:5   warning  'x_val' is not defined                           no-undef
  171:16  warning  'x1' is not defined                              no-undef
  172:26  warning  'n_val' is not defined                           no-undef
  173:9   warning  'x_val' is not defined                           no-undef
  173:32  warning  'x_val' is not defined                           no-undef
  173:47  warning  'h_val' is not defined                           no-undef
  175:28  warning  'x_val' is not defined                           no-undef
  177:5   warning  'tb_data' is not defined                         no-undef
  177:15  warning  'gety' is not defined                            no-undef
  177:20  warning  'x1' is not defined                              no-undef
  177:24  warning  'xn' is not defined                              no-undef
  177:28  warning  'y1' is not defined                              no-undef
  177:32  warning  'z1' is not defined                              no-undef
  177:36  warning  'n_val' is not defined                           no-undef
  178:5   warning  'y05' is not defined                             no-undef
  178:11  warning  'tb_data' is not defined                         no-undef
  178:22  warning  'tb_data' is not defined                         no-undef
  179:5   warning  'z05' is not defined                             no-undef
  179:11  warning  'tb_data' is not defined                         no-undef
  179:22  warning  'tb_data' is not defined                         no-undef
  180:30  warning  'tb_data' is not defined                         no-undef
  181:26  warning  'y05' is not defined                             no-undef
  182:26  warning  'z05' is not defined                             no-undef
  186:10  warning  'verify_h_value_act1' is defined but never used  no-unused-vars
  188:10  warning  'verify_values' is not defined                   no-undef
  188:60  warning  'h_val' is not defined                           no-undef
  202:37  warning  'h_val' is not defined                           no-undef
  210:5   warning  'tb_data' is not defined                         no-undef
  211:5   warning  'tb_data' is not defined                         no-undef
  214:22  warning  'n_val' is not defined                           no-undef
  215:24  warning  'x_val' is not defined                           no-undef
  219:18  warning  'Verify_Rows_Cols_Custom_Fixed' is not defined   no-undef
  219:56  warning  'tb_data' is not defined                         no-undef
  226:10  warning  'verify_y_value' is defined but never used       no-unused-vars
  231:17  warning  'y05' is not defined                             no-undef
  231:22  warning  'z05' is not defined                             no-undef
  232:10  warning  'verify_values' is not defined                   no-undef
  232:60  warning  'y05' is not defined                             no-undef
  241:10  warning  'verify_values' is not defined                   no-undef
  241:60  warning  'z05' is not defined                             no-undef
  256:37  warning  'y05' is not defined                             no-undef
  257:37  warning  'z05' is not defined                             no-undef

/home/runner/work/exp-ode-system-of-ode-runge-kutta-method-4th-order-iitb/exp-ode-system-of-ode-runge-kutta-method-4th-order-iitb/experiment/simulation/js/activity2.js
    1:10  warning  'activity2' is defined but never used            no-unused-vars
    6:20  warning  'get_collapse_btn_text' is not defined           no-undef
   11:44  warning  Unnecessary escape character: \×                 no-useless-escape
   12:44  warning  Unnecessary escape character: \×                 no-useless-escape
   58:22  warning  Unnecessary escape character: \×                 no-useless-escape
   61:22  warning  Unnecessary escape character: \×                 no-useless-escape
   66:22  warning  Unnecessary escape character: \×                 no-useless-escape
   69:22  warning  Unnecessary escape character: \×                 no-useless-escape
   74:22  warning  Unnecessary escape character: \×                 no-useless-escape
   77:22  warning  Unnecessary escape character: \×                 no-useless-escape
   82:22  warning  Unnecessary escape character: \×                 no-useless-escape
   85:22  warning  Unnecessary escape character: \×                 no-useless-escape
  128:5   warning  'maindiv' is not defined                         no-undef
  129:5   warning  'hide_all_steps' is not defined                  no-undef
  131:9   warning  'MathJax' is not defined                         no-undef
  134:9   warning  'show_step' is not defined                       no-undef
  137:10  warning  'act2_calculate_hxy' is defined but never used   no-unused-vars
  145:5   warning  'act2_n_val' is not defined                      no-undef
  146:30  warning  'act2_n_val' is not defined                      no-undef
  148:26  warning  'act2_n_val' is not defined                      no-undef
  150:5   warning  'act2_h' is not defined                          no-undef
  150:15  warning  'act2_xn' is not defined                         no-undef
  150:25  warning  'act2_x1' is not defined                         no-undef
  150:36  warning  'act2_n_val' is not defined                      no-undef
  151:5   warning  'act2_h_val' is not defined                      no-undef
  151:29  warning  'act2_h' is not defined                          no-undef
  152:29  warning  'act2_h_val' is not defined                      no-undef
  154:5   warning  'act2_x_val' is not defined                      no-undef
  154:21  warning  'act2_x1' is not defined                         no-undef
  155:26  warning  'act2_n_val' is not defined                      no-undef
  156:9   warning  'act2_x_val' is not defined                      no-undef
  156:37  warning  'act2_x_val' is not defined                      no-undef
  156:57  warning  'act2_h_val' is not defined                      no-undef
  158:28  warning  'act2_x_val' is not defined                      no-undef
  160:5   warning  'act2_tb_data' is not defined                    no-undef
  160:20  warning  'gety2' is not defined                           no-undef
  160:26  warning  'act2_x1' is not defined                         no-undef
  160:35  warning  'act2_xn' is not defined                         no-undef
  160:44  warning  'act2_y1' is not defined                         no-undef
  160:53  warning  'act2_z1' is not defined                         no-undef
  160:62  warning  'act2_n_val' is not defined                      no-undef
  161:5   warning  'act2_y02' is not defined                        no-undef
  161:16  warning  'act2_tb_data' is not defined                    no-undef
  161:32  warning  'act2_tb_data' is not defined                    no-undef
  162:5   warning  'act2_z02' is not defined                        no-undef
  162:16  warning  'act2_tb_data' is not defined                    no-undef
  162:32  warning  'act2_tb_data' is not defined                    no-undef
  163:35  warning  'act2_tb_data' is not defined                    no-undef
  164:31  warning  'act2_y02' is not defined                        no-undef
  165:31  warning  'act2_z02' is not defined                        no-undef
  169:10  warning  'verify_h_value_act2' is defined but never used  no-unused-vars
  171:10  warning  'verify_values' is not defined                   no-undef
  171:65  warning  'act2_h_val' is not defined                      no-undef
  185:37  warning  'act2_h_val' is not defined                      no-undef
  193:5   warning  'act2_tb_data' is not defined                    no-undef
  194:5   warning  'act2_tb_data' is not defined                    no-undef
  197:22  warning  'act2_n_val' is not defined                      no-undef
  198:29  warning  'act2_x_val' is not defined                      no-undef
  202:18  warning  'Verify_Rows_Cols_Custom_Fixed' is not defined   no-undef
  202:61  warning  'act2_tb_data' is not defined                    no-undef
  209:10  warning  'act2_verify_y_value' is defined but never used  no-unused-vars
  214:17  warning  'act2_y02' is not defined                        no-undef
  214:27  warning  'act2_z02' is not defined                        no-undef
  215:10  warning  'verify_values' is not defined                   no-undef
  215:65  warning  'act2_y02' is not defined                        no-undef
  224:10  warning  'verify_values' is not defined                   no-undef
  224:65  warning  'act2_z02' is not defined                        no-undef
  239:37  warning  'act2_y02' is not defined                        no-undef
  240:37  warning  'act2_z02' is not defined                        no-undef

/home/runner/work/exp-ode-system-of-ode-runge-kutta-method-4th-order-iitb/exp-ode-system-of-ode-runge-kutta-method-4th-order-iitb/experiment/simulation/js/activity3.js
    1:10  warning  'activity3' is defined but never used            no-unused-vars
    6:20  warning  'get_collapse_btn_text' is not defined           no-undef
   12:44  warning  Unnecessary escape character: \×                 no-useless-escape
   58:24  warning  Unnecessary escape character: \×                 no-useless-escape
   61:24  warning  Unnecessary escape character: \×                 no-useless-escape
   66:24  warning  Unnecessary escape character: \×                 no-useless-escape
   69:24  warning  Unnecessary escape character: \×                 no-useless-escape
   74:24  warning  Unnecessary escape character: \×                 no-useless-escape
   77:24  warning  Unnecessary escape character: \×                 no-useless-escape
   82:24  warning  Unnecessary escape character: \×                 no-useless-escape
   85:24  warning  Unnecessary escape character: \×                 no-useless-escape
  128:5   warning  'maindiv' is not defined                         no-undef
  129:5   warning  'hide_all_steps' is not defined                  no-undef
  131:9   warning  'MathJax' is not defined                         no-undef
  134:9   warning  'show_step' is not defined                       no-undef
  137:10  warning  'act3_calculate_hxy' is defined but never used   no-unused-vars
  145:5   warning  'act3_n_val' is not defined                      no-undef
  146:30  warning  'act3_n_val' is not defined                      no-undef
  148:26  warning  'act3_n_val' is not defined                      no-undef
  150:5   warning  'act3_h' is not defined                          no-undef
  150:15  warning  'act3_xn' is not defined                         no-undef
  150:25  warning  'act3_x1' is not defined                         no-undef
  150:36  warning  'act3_n_val' is not defined                      no-undef
  151:5   warning  'act3_h_val' is not defined                      no-undef
  151:29  warning  'act3_h' is not defined                          no-undef
  152:29  warning  'act3_h_val' is not defined                      no-undef
  154:5   warning  'act3_x_val' is not defined                      no-undef
  154:21  warning  'act3_x1' is not defined                         no-undef
  155:26  warning  'act3_n_val' is not defined                      no-undef
  156:9   warning  'act3_x_val' is not defined                      no-undef
  156:37  warning  'act3_x_val' is not defined                      no-undef
  156:57  warning  'act3_h_val' is not defined                      no-undef
  158:33  warning  'act3_x_val' is not defined                      no-undef
  160:5   warning  'act3_tb_data' is not defined                    no-undef
  160:20  warning  'gety3' is not defined                           no-undef
  160:26  warning  'act3_x1' is not defined                         no-undef
  160:35  warning  'act3_xn' is not defined                         no-undef
  160:44  warning  'act3_y1' is not defined                         no-undef
  160:53  warning  'act3_z1' is not defined                         no-undef
  160:62  warning  'act3_n_val' is not defined                      no-undef
  161:5   warning  'act3_y02' is not defined                        no-undef
  161:16  warning  'act3_tb_data' is not defined                    no-undef
  161:32  warning  'act3_tb_data' is not defined                    no-undef
  162:5   warning  'act3_z02' is not defined                        no-undef
  162:16  warning  'act3_tb_data' is not defined                    no-undef
  162:32  warning  'act3_tb_data' is not defined                    no-undef
  163:35  warning  'act3_tb_data' is not defined                    no-undef
  164:31  warning  'act3_y02' is not defined                        no-undef
  165:31  warning  'act3_z02' is not defined                        no-undef
  169:10  warning  'verify_h_value_act3' is defined but never used  no-unused-vars
  171:10  warning  'verify_values' is not defined                   no-undef
  171:65  warning  'act3_h_val' is not defined                      no-undef
  185:37  warning  'act3_h_val' is not defined                      no-undef
  193:5   warning  'act3_tb_data' is not defined                    no-undef
  194:5   warning  'act3_tb_data' is not defined                    no-undef
  197:22  warning  'act3_n_val' is not defined                      no-undef
  198:29  warning  'act3_x_val' is not defined                      no-undef
  202:18  warning  'Verify_Rows_Cols_Custom_Fixed' is not defined   no-undef
  202:61  warning  'act3_tb_data' is not defined                    no-undef
  209:10  warning  'act3_verify_y_value' is defined but never used  no-unused-vars
  216:17  warning  'act3_y02' is not defined                        no-undef
  216:27  warning  'act3_z02' is not defined                        no-undef
  217:10  warning  'verify_values' is not defined                   no-undef
  217:65  warning  'act3_y02' is not defined                        no-undef
  226:10  warning  'verify_values' is not defined                   no-undef
  226:65  warning  'act3_z02' is not defined                        no-undef
  239:37  warning  'act3_y02' is not defined                        no-undef
  240:37  warning  'act3_z02' is not defined                        no-undef
  244:10  warning  'exp_complete' is defined but never used         no-unused-vars

/home/runner/work/exp-ode-system-of-ode-runge-kutta-method-4th-order-iitb/exp-ode-system-of-ode-runge-kutta-method-4th-order-iitb/experiment/simulation/js/data.js
  48:5   warning  'mat_x' is assigned a value but never used         no-unused-vars
  49:5   warning  'mat_x1' is assigned a value but never used        no-unused-vars
  51:10  warning  'verify_values_abs' is defined but never used      no-unused-vars
  64:5   warning  'tb_data' is assigned a value but never used       no-unused-vars
  65:5   warning  'n_val' is defined but never used                  no-unused-vars
  66:5   warning  'x1' is assigned a value but never used            no-unused-vars
  67:5   warning  'xn' is assigned a value but never used            no-unused-vars
  68:5   warning  'y1' is assigned a value but never used            no-unused-vars
  69:5   warning  'z1' is assigned a value but never used            no-unused-vars
  70:5   warning  'x_val' is assigned a value but never used         no-unused-vars
  71:5   warning  'y_val' is defined but never used                  no-unused-vars
  72:5   warning  'h' is assigned a value but never used             no-unused-vars
  73:5   warning  'h_val' is assigned a value but never used         no-unused-vars
  74:5   warning  'y05' is assigned a value but never used           no-unused-vars
  75:5   warning  'z05' is assigned a value but never used           no-unused-vars
  76:5   warning  'act2_tb_data' is assigned a value but never used  no-unused-vars
  77:5   warning  'act2_n_val' is defined but never used             no-unused-vars
  78:5   warning  'act2_x1' is assigned a value but never used       no-unused-vars
  79:5   warning  'act2_xn' is assigned a value but never used       no-unused-vars
  80:5   warning  'act2_y1' is assigned a value but never used       no-unused-vars
  81:5   warning  'act2_z1' is assigned a value but never used       no-unused-vars
  82:5   warning  'act2_x_val' is assigned a value but never used    no-unused-vars
  83:5   warning  'act2_y_val' is defined but never used             no-unused-vars
  84:5   warning  'act2_h' is assigned a value but never used        no-unused-vars
  85:5   warning  'act2_h_val' is assigned a value but never used    no-unused-vars
  86:5   warning  'act2_y02' is assigned a value but never used      no-unused-vars
  87:5   warning  'act2_z02' is assigned a value but never used      no-unused-vars
  88:5   warning  'act3_tb_data' is assigned a value but never used  no-unused-vars
  89:5   warning  'act3_n_val' is defined but never used             no-unused-vars
  90:5   warning  'act3_x1' is assigned a value but never used       no-unused-vars
  91:5   warning  'act3_xn' is assigned a value but never used       no-unused-vars
  92:5   warning  'act3_y1' is assigned a value but never used       no-unused-vars
  93:5   warning  'act3_z1' is assigned a value but never used       no-unused-vars
  94:5   warning  'act3_x_val' is assigned a value but never used    no-unused-vars
  95:5   warning  'act3_y_val' is defined but never used             no-unused-vars
  96:5   warning  'act3_h' is assigned a value but never used        no-unused-vars
  97:5   warning  'act3_h_val' is assigned a value but never used    no-unused-vars
  98:5   warning  'act3_y02' is assigned a value but never used      no-unused-vars
  99:5   warning  'act3_z02' is assigned a value but never used      no-unused-vars

/home/runner/work/exp-ode-system-of-ode-runge-kutta-method-4th-order-iitb/exp-ode-system-of-ode-runge-kutta-method-4th-order-iitb/experiment/simulation/js/euler.js
   7:10  warning  'gety' is defined but never used   no-unused-vars
  34:19  warning  'z' is defined but never used      no-unused-vars
  37:10  warning  'gety2' is defined but never used  no-unused-vars
  67:10  warning  'gety3' is defined but never used  no-unused-vars

/home/runner/work/exp-ode-system-of-ode-runge-kutta-method-4th-order-iitb/exp-ode-system-of-ode-runge-kutta-method-4th-order-iitb/experiment/simulation/js/screen_size.js
  1:10  warning  'set_screen_size' is defined but never used  no-unused-vars

✖ 300 problems (0 errors, 300 warnings)

